Arguments: 
  /usr/bin/node /usr/bin/yarn add react-native-community

PATH: 
  /usr/local/sbin:/usr/local/bin:/usr/sbin:/usr/bin:/sbin:/bin:/snap/bin

Yarn version: 
  1.22.11

Node version: 
  14.17.5

Platform: 
  linux x64

Trace: 
  Error: https://registry.yarnpkg.com/react-native-community: Not found
      at Request.params.callback [as _callback] (/usr/lib/node_modules/yarn/lib/cli.js:66992:18)
      at Request.self.callback (/usr/lib/node_modules/yarn/lib/cli.js:140763:22)
      at Request.emit (events.js:400:28)
      at Request.<anonymous> (/usr/lib/node_modules/yarn/lib/cli.js:141735:10)
      at Request.emit (events.js:400:28)
      at IncomingMessage.<anonymous> (/usr/lib/node_modules/yarn/lib/cli.js:141657:12)
      at Object.onceWrapper (events.js:519:28)
      at IncomingMessage.emit (events.js:412:35)
      at endReadableNT (internal/streams/readable.js:1317:12)
      at processTicksAndRejections (internal/process/task_queues.js:82:21)

npm manifest: 
  {
    "main": "node_modules/expo/AppEntry.js",
    "scripts": {
      "start": "expo start",
      "android": "expo start --android",
      "ios": "expo start --ios",
      "web": "expo start --web",
      "eject": "expo eject"
    },
    "dependencies": {
      "@breeffy/react-native-calendar": "^0.4.1",
      "@expo-google-fonts/roboto": "^0.2.0",
      "@maksymblank/react-native-date-input": "^1.0.1",
      "@react-native-community/checkbox": "^0.5.8",
      "@react-native-community/masked-view": "0.1.10",
      "@react-navigation/drawer": "^6.1.4",
      "@react-navigation/native": "^5.9.6",
      "@react-navigation/stack": "^5.14.7",
      "expo": "~42.0.1",
      "expo-status-bar": "~1.0.4",
      "moment": "^2.29.1",
      "react": "16.13.1",
      "react-dom": "16.13.1",
      "react-native": "https://github.com/expo/react-native/archive/sdk-42.0.0.tar.gz",
      "react-native-app-intro-slider": "^4.0.4",
      "react-native-calendar-picker": "^7.1.2",
      "react-native-calendario": "^2.1.6",
      "react-native-datefield": "^0.3.2",
      "react-native-gesture-handler": "~1.10.2",
      "react-native-modal": "^12.0.3",
      "react-native-neat-date-picker": "^1.0.6",
      "react-native-paper": "^4.9.2",
      "react-native-reanimated": "~2.2.0",
      "react-native-safe-area-context": "3.2.0",
      "react-native-screens": "~3.4.0",
      "react-native-web": "^0.17.1",
      "react-navigation": "^4.4.4",
      "react-navigation-drawer": "^2.7.1",
      "toggle-switch-react-native": "^3.2.0"
    },
    "devDependencies": {
      "@babel/core": "^7.9.0",
      "@types/react": "~16.9.35",
      "@types/react-native": "~0.63.2",
      "typescript": "~4.0.0"
    },
    "private": true
  }

yarn manifest: 
  No manifest

Lockfile: 
  No lockfile
